  Source.cpp
C:\Users\User\source\repos\game\Source.cpp(176,25): error C2561: main: функция должна возвращать значение
C:\Users\User\source\repos\game\Source.cpp(101,5): message : см. объявление "main"
C:\Users\User\source\repos\game\Source.cpp(180,35): error C2676: бинарный ">": "std::vector<std::string,std::allocator<std::string>>" не определяет этот оператор или преобразование к типу приемлемо к встроенному оператору
C:\Program Files\Microsoft Visual Studio\2022\Community\VC\Tools\MSVC\14.34.31933\include\vector(2400,30): message : может быть "bool std::operator >(const std::vector<_Ty,_Alloc> &,const std::vector<_Ty,_Alloc> &)"
C:\Users\User\source\repos\game\Source.cpp(180,25): message : 'bool std::operator >(const std::vector<_Ty,_Alloc> &,const std::vector<_Ty,_Alloc> &)': не удалось вывести аргумент шаблон для 'const std::vector<_Ty,_Alloc> &' из 'int'
C:\Program Files\Microsoft Visual Studio\2022\Community\VC\Tools\MSVC\14.34.31933\include\memory(3566,30): message : или       "bool std::operator >(std::nullptr_t,const std::unique_ptr<_Ty,_Dx> &)"
C:\Users\User\source\repos\game\Source.cpp(180,25): message : 'bool std::operator >(std::nullptr_t,const std::unique_ptr<_Ty,_Dx> &)': не удалось вывести аргумент шаблон для 'const std::unique_ptr<_Ty,_Dx> &' из 'int'
C:\Program Files\Microsoft Visual Studio\2022\Community\VC\Tools\MSVC\14.34.31933\include\memory(3561,30): message : или       "bool std::operator >(const std::unique_ptr<_Ty,_Dx> &,std::nullptr_t)"
C:\Users\User\source\repos\game\Source.cpp(180,25): message : 'bool std::operator >(const std::unique_ptr<_Ty,_Dx> &,std::nullptr_t)': не удалось вывести аргумент шаблон для 'const std::unique_ptr<_Ty,_Dx> &' из 'std::vector<std::string,std::allocator<std::string>>'
C:\Program Files\Microsoft Visual Studio\2022\Community\VC\Tools\MSVC\14.34.31933\include\memory(3494,17): message : или       "bool std::operator >(const std::unique_ptr<_Ty,_Dx> &,const std::unique_ptr<_Ty2,_Dx2> &)"
C:\Users\User\source\repos\game\Source.cpp(180,25): message : 'bool std::operator >(const std::unique_ptr<_Ty,_Dx> &,const std::unique_ptr<_Ty2,_Dx2> &)': не удалось вывести аргумент шаблон для 'const std::unique_ptr<_Ty,_Dx> &' из 'std::vector<std::string,std::allocator<std::string>>'
C:\Program Files\Microsoft Visual Studio\2022\Community\VC\Tools\MSVC\14.34.31933\include\memory(1899,17): message : или       "bool std::operator >(std::nullptr_t,const std::shared_ptr<_Ty> &) noexcept"
C:\Users\User\source\repos\game\Source.cpp(180,25): message : 'bool std::operator >(std::nullptr_t,const std::shared_ptr<_Ty> &) noexcept': не удалось вывести аргумент шаблон для 'const std::shared_ptr<_Ty> &' из 'int'
C:\Program Files\Microsoft Visual Studio\2022\Community\VC\Tools\MSVC\14.34.31933\include\memory(1894,17): message : или       "bool std::operator >(const std::shared_ptr<_Ty> &,std::nullptr_t) noexcept"
C:\Users\User\source\repos\game\Source.cpp(180,25): message : 'bool std::operator >(const std::shared_ptr<_Ty> &,std::nullptr_t) noexcept': не удалось вывести аргумент шаблон для 'const std::shared_ptr<_Ty> &' из 'std::vector<std::string,std::allocator<std::string>>'
C:\Program Files\Microsoft Visual Studio\2022\Community\VC\Tools\MSVC\14.34.31933\include\memory(1837,17): message : или       "bool std::operator >(const std::shared_ptr<_Ty> &,const std::shared_ptr<_Ty0> &) noexcept"
C:\Users\User\source\repos\game\Source.cpp(180,25): message : 'bool std::operator >(const std::shared_ptr<_Ty> &,const std::shared_ptr<_Ty0> &) noexcept': не удалось вывести аргумент шаблон для 'const std::shared_ptr<_Ty> &' из 'std::vector<std::string,std::allocator<std::string>>'
C:\Program Files\Microsoft Visual Studio\2022\Community\VC\Tools\MSVC\14.34.31933\include\xstring(5257,17): message : или       "bool std::operator >(const std::basic_string<_Elem,_Traits,_Alloc> &,const _Elem *const )"
C:\Users\User\source\repos\game\Source.cpp(180,25): message : 'bool std::operator >(const std::basic_string<_Elem,_Traits,_Alloc> &,const _Elem *const )': не удалось вывести аргумент шаблон для 'const std::basic_string<_Elem,_Traits,_Alloc> &' из 'std::vector<std::string,std::allocator<std::string>>'
C:\Program Files\Microsoft Visual Studio\2022\Community\VC\Tools\MSVC\14.34.31933\include\xstring(5252,17): message : или       "bool std::operator >(const _Elem *const ,const std::basic_string<_Elem,_Traits,_Alloc> &)"
C:\Users\User\source\repos\game\Source.cpp(180,25): message : 'bool std::operator >(const _Elem *const ,const std::basic_string<_Elem,_Traits,_Alloc> &)': не удалось вывести аргумент шаблон для 'const _Elem *const ' из 'std::vector<std::string,std::allocator<std::string>>'
C:\Program Files\Microsoft Visual Studio\2022\Community\VC\Tools\MSVC\14.34.31933\include\xstring(5246,17): message : или       "bool std::operator >(const std::basic_string<_Elem,_Traits,_Alloc> &,const std::basic_string<_Elem,_Traits,_Alloc> &) noexcept"
C:\Users\User\source\repos\game\Source.cpp(180,25): message : 'bool std::operator >(const std::basic_string<_Elem,_Traits,_Alloc> &,const std::basic_string<_Elem,_Traits,_Alloc> &) noexcept': не удалось вывести аргумент шаблон для 'const std::basic_string<_Elem,_Traits,_Alloc> &' из 'std::vector<std::string,std::allocator<std::string>>'
C:\Program Files\Microsoft Visual Studio\2022\Community\VC\Tools\MSVC\14.34.31933\include\xutility(3611,30): message : или       "bool std::operator >(const std::move_iterator<_Iter> &,const std::move_iterator<_Iter2> &) noexcept(<expr>)"
C:\Users\User\source\repos\game\Source.cpp(180,25): message : 'bool std::operator >(const std::move_iterator<_Iter> &,const std::move_iterator<_Iter2> &) noexcept(<expr>)': не удалось вывести аргумент шаблон для 'const std::move_iterator<_Iter> &' из 'std::vector<std::string,std::allocator<std::string>>'
C:\Program Files\Microsoft Visual Studio\2022\Community\VC\Tools\MSVC\14.34.31933\include\xutility(1435,5): message : или       "bool std::operator >(const std::reverse_iterator<_BidIt> &,const std::reverse_iterator<_BidIt2> &) noexcept(<expr>)"
C:\Users\User\source\repos\game\Source.cpp(180,25): message : 'bool std::operator >(const std::reverse_iterator<_BidIt> &,const std::reverse_iterator<_BidIt2> &) noexcept(<expr>)': не удалось вывести аргумент шаблон для 'const std::reverse_iterator<_BidIt> &' из 'std::vector<std::string,std::allocator<std::string>>'
C:\Program Files\Microsoft Visual Studio\2022\Community\VC\Tools\MSVC\14.34.31933\include\utility(392,27): message : или       "bool std::operator >(const std::pair<_Ty1,_Ty2> &,const std::pair<_Ty1,_Ty2> &)"
C:\Users\User\source\repos\game\Source.cpp(180,25): message : 'bool std::operator >(const std::pair<_Ty1,_Ty2> &,const std::pair<_Ty1,_Ty2> &)': не удалось вывести аргумент шаблон для 'const std::pair<_Ty1,_Ty2> &' из 'std::vector<std::string,std::allocator<std::string>>'
C:\Users\User\source\repos\game\Source.cpp(182,34): error C2676: бинарный "--": "std::vector<std::string,std::allocator<std::string>>" не определяет этот оператор или преобразование к типу приемлемо к встроенному оператору
